<?xml version="1.0" encoding="UTF-8"?>
<!-- Generated by org.testng.reporters.JUnitReportReporter -->
<testsuite hostname="DESKTOP-95104MM" failures="0" tests="3" name="EasyMyTrip.calender" time="3.406" errors="0" timestamp="2021-08-18T16:21:39 IST" skipped="0">
  <testcase classname="EasyMyTrip.calender" name="staticDropDwon1" time="0.516"/>
  <system-out/>
  <testcase classname="EasyMyTrip.calender" name="staticDropDown2" time="0.455"/>
  <system-out/>
  <testcase classname="EasyMyTrip.calender" name="calendertest" time="2.435"/>
  <system-out/>
</testsuite> <!-- EasyMyTrip.calender -->
