<?xml version="1.0" encoding="UTF-8"?>
<!-- Generated by org.testng.reporters.JUnitReportReporter -->
<testsuite hostname="DESKTOP-95104MM" failures="0" tests="1" name="EasyMyTrip.WebCheckIn" time="45.874" errors="0" timestamp="2021-08-17T17:03:02 IST" skipped="0">
  <testcase classname="EasyMyTrip.WebCheckIn" name="invokeWebCheckIn" time="45.874"/>
  <system-out/>
</testsuite> <!-- EasyMyTrip.WebCheckIn -->
