<?xml version="1.0" encoding="UTF-8"?>
<!-- Generated by org.testng.reporters.JUnitReportReporter -->
<testsuite skipped="0" hostname="DESKTOP-95104MM" name="EasyMyTrip.dropDownTest" tests="1" failures="0" timestamp="2021-08-19T17:06:02 IST" time="37.039" errors="0">
  <testcase name="dropDownSuggestions" time="37.039" classname="EasyMyTrip.dropDownTest"/>
  <system-out/>
</testsuite> <!-- EasyMyTrip.dropDownTest -->
