<?xml version="1.0" encoding="UTF-8"?>
<!-- Generated by org.testng.reporters.JUnitReportReporter -->
<testsuite skipped="0" hostname="DESKTOP-95104MM" name="EasyMyTrip.BrokenLink" tests="1" failures="0" timestamp="2021-08-19T17:06:02 IST" time="1.636" errors="0">
  <testcase name="getbrokenlinks" time="1.636" classname="EasyMyTrip.BrokenLink"/>
  <system-out/>
</testsuite> <!-- EasyMyTrip.BrokenLink -->
