<?xml version="1.0" encoding="UTF-8"?>
<!-- Generated by org.testng.reporters.JUnitReportReporter -->
<testsuite skipped="0" hostname="DESKTOP-95104MM" name="EasyMyTrip.calender" tests="3" failures="0" timestamp="2021-08-19T17:06:02 IST" time="36.666" errors="0">
  <testcase name="staticDropDwon1" time="2.679" classname="EasyMyTrip.calender"/>
  <system-out/>
  <testcase name="calendertest" time="31.632" classname="EasyMyTrip.calender"/>
  <system-out/>
  <testcase name="staticDropDown2" time="2.355" classname="EasyMyTrip.calender"/>
  <system-out/>
</testsuite> <!-- EasyMyTrip.calender -->
