<?xml version="1.0" encoding="UTF-8"?>
<!-- Generated by org.testng.reporters.JUnitReportReporter -->
<testsuite skipped="0" hostname="DESKTOP-95104MM" name="EasyMyTrip.WebCheckIn" tests="1" failures="0" timestamp="2021-08-19T17:06:02 IST" time="47.172" errors="0">
  <testcase name="invokeWebCheckIn" time="47.172" classname="EasyMyTrip.WebCheckIn"/>
  <system-out/>
</testsuite> <!-- EasyMyTrip.WebCheckIn -->
